# JRE version: OpenJDK Runtime Environment Temurin-21.0.10+7 (21.0.10+7) (build 21.0.10+7-LTS)
# Java VM: OpenJDK 64-Bit Server VM Temurin-21.0.10+7 (21.0.10+7-LTS, mixed mode, sharing, tiered, compressed oops, compressed class ptrs, parallel gc, windows-amd64)
GC Precious Log:
 CardTable entry size: 512
 CPUs: 12 total, 12 available
 Memory: 7530M
 Large Page Support: Disabled
 NUMA Support: Disabled
 Compressed Oops: Enabled (32-bit)
 Alignments: Space 512K, Generation 512K, Heap 2M
 Heap Min Capacity: 100M
 Heap Initial Capacity: 100M
 Heap Max Capacity: 2G
 Pre-touch: Disabled
 Parallel Workers: 10
Heap:
 PSYoungGen      total 4096K, used 3373K [0x00000000d5580000, 0x00000000d6080000, 0x0000000100000000)
  eden space 3072K, 77% used [0x00000000d5580000,0x00000000d57d1c28,0x00000000d5880000)
  from space 1024K, 97% used [0x00000000d5980000,0x00000000d5a79880,0x00000000d5a80000)
  to   space 4096K, 0% used [0x00000000d5c80000,0x00000000d5c80000,0x00000000d6080000)
 ParOldGen       total 460288K, used 460149K [0x0000000080000000, 0x000000009c180000, 0x00000000d5580000)
  object space 460288K, 99% used [0x0000000080000000,0x000000009c15d568,0x000000009c180000)
 Metaspace       used 75255K, committed 76864K, reserved 1179648K
  class space    used 8116K, committed 8832K, reserved 1048576K
GC Heap History (20 events):
Event: 111.533 GC heap before
{Heap before GC invocations=311 (full 3):
 PSYoungGen      total 5120K, used 4319K [0x00000000d5580000, 0x00000000d5c00000, 0x0000000100000000)
  eden space 4096K, 99% used [0x00000000d5580000,0x00000000d597ff78,0x00000000d5980000)
  from space 1024K, 21% used [0x00000000d5a00000,0x00000000d5a38000,0x00000000d5b00000)
  to   space 512K, 0% used [0x00000000d5b80000,0x00000000d5b80000,0x00000000d5c00000)
 ParOldGen       total 452096K, used 451866K [0x0000000080000000, 0x000000009b980000, 0x00000000d5580000)
  object space 452096K, 99% used [0x0000000080000000,0x000000009b946890,0x000000009b980000)
 Metaspace       used 74865K, committed 76416K, reserved 1179648K
  class space    used 8098K, committed 8768K, reserved 1048576K
}
Event: 111.535 GC heap after
{Heap after GC invocations=311 (full 3):
 PSYoungGen      total 4608K, used 512K [0x00000000d5580000, 0x00000000d5c00000, 0x0000000100000000)
  eden space 4096K, 0% used [0x00000000d5580000,0x00000000d5580000,0x00000000d5980000)
  from space 512K, 100% used [0x00000000d5b80000,0x00000000d5c00000,0x00000000d5c00000)
  to   space 1024K, 0% used [0x00000000d5a00000,0x00000000d5a00000,0x00000000d5b00000)
 ParOldGen       total 452608K, used 452146K [0x0000000080000000, 0x000000009ba00000, 0x00000000d5580000)
  object space 452608K, 99% used [0x0000000080000000,0x000000009b98c8c0,0x000000009ba00000)
 Metaspace       used 74865K, committed 76416K, reserved 1179648K
  class space    used 8098K, committed 8768K, reserved 1048576K
}
Event: 111.569 GC heap before
{Heap before GC invocations=312 (full 3):
 PSYoungGen      total 4608K, used 3734K [0x00000000d5580000, 0x00000000d5c00000, 0x0000000100000000)
  eden space 4096K, 78% used [0x00000000d5580000,0x00000000d58a58b0,0x00000000d5980000)
  from space 512K, 100% used [0x00000000d5b80000,0x00000000d5c00000,0x00000000d5c00000)
  to   space 1024K, 0% used [0x00000000d5a00000,0x00000000d5a00000,0x00000000d5b00000)
 ParOldGen       total 452608K, used 452146K [0x0000000080000000, 0x000000009ba00000, 0x00000000d5580000)
  object space 452608K, 99% used [0x0000000080000000,0x000000009b98c8c0,0x000000009ba00000)
 Metaspace       used 74905K, committed 76480K, reserved 1179648K
  class space    used 8103K, committed 8768K, reserved 1048576K
}
Event: 111.571 GC heap after
{Heap after GC invocations=312 (full 3):
 PSYoungGen      total 5120K, used 463K [0x00000000d5580000, 0x00000000d5c00000, 0x0000000100000000)
  eden space 4096K, 0% used [0x00000000d5580000,0x00000000d5580000,0x00000000d5980000)
  from space 1024K, 45% used [0x00000000d5a00000,0x00000000d5a73c78,0x00000000d5b00000)
  to   space 1024K, 0% used [0x00000000d5b00000,0x00000000d5b00000,0x00000000d5c00000)
 ParOldGen       total 453120K, used 452699K [0x0000000080000000, 0x000000009ba80000, 0x00000000d5580000)
  object space 453120K, 99% used [0x0000000080000000,0x000000009ba16da0,0x000000009ba80000)
 Metaspace       used 74905K, committed 76480K, reserved 1179648K
  class space    used 8103K, committed 8768K, reserved 1048576K
}
Event: 111.916 GC heap before
{Heap before GC invocations=313 (full 3):
 PSYoungGen      total 5120K, used 4553K [0x00000000d5580000, 0x00000000d5c00000, 0x0000000100000000)
  eden space 4096K, 99% used [0x00000000d5580000,0x00000000d597eab0,0x00000000d5980000)
  from space 1024K, 45% used [0x00000000d5a00000,0x00000000d5a73c78,0x00000000d5b00000)
  to   space 1024K, 0% used [0x00000000d5b00000,0x00000000d5b00000,0x00000000d5c00000)
 ParOldGen       total 453120K, used 452699K [0x0000000080000000, 0x000000009ba80000, 0x00000000d5580000)
  object space 453120K, 99% used [0x0000000080000000,0x000000009ba16da0,0x000000009ba80000)
 Metaspace       used 74958K, committed 76544K, reserved 1179648K
  class space    used 8106K, committed 8768K, reserved 1048576K
}
Event: 111.918 GC heap after
{Heap after GC invocations=313 (full 3):
 PSYoungGen      total 4608K, used 342K [0x00000000d5580000, 0x00000000d5b80000, 0x0000000100000000)
  eden space 4096K, 0% used [0x00000000d5580000,0x00000000d5580000,0x00000000d5980000)
  from space 512K, 66% used [0x00000000d5b00000,0x00000000d5b55b48,0x00000000d5b80000)
  to   space 512K, 0% used [0x00000000d5a80000,0x00000000d5a80000,0x00000000d5b00000)
 ParOldGen       total 453120K, used 453010K [0x0000000080000000, 0x000000009ba80000, 0x00000000d5580000)
  object space 453120K, 99% used [0x0000000080000000,0x000000009ba64a18,0x000000009ba80000)
 Metaspace       used 74958K, committed 76544K, reserved 1179648K
  class space    used 8106K, committed 8768K, reserved 1048576K
}
Event: 112.408 GC heap before
{Heap before GC invocations=314 (full 3):
 PSYoungGen      total 4608K, used 4438K [0x00000000d5580000, 0x00000000d5b80000, 0x0000000100000000)
  eden space 4096K, 100% used [0x00000000d5580000,0x00000000d5980000,0x00000000d5980000)
  from space 512K, 66% used [0x00000000d5b00000,0x00000000d5b55b48,0x00000000d5b80000)
  to   space 512K, 0% used [0x00000000d5a80000,0x00000000d5a80000,0x00000000d5b00000)
 ParOldGen       total 453120K, used 453010K [0x0000000080000000, 0x000000009ba80000, 0x00000000d5580000)
  object space 453120K, 99% used [0x0000000080000000,0x000000009ba64a18,0x000000009ba80000)
 Metaspace       used 75044K, committed 76672K, reserved 1179648K
  class space    used 8109K, committed 8832K, reserved 1048576K
}
Event: 112.409 GC heap after
{Heap after GC invocations=314 (full 3):
 PSYoungGen      total 4608K, used 512K [0x00000000d5580000, 0x00000000d5b80000, 0x0000000100000000)
  eden space 4096K, 0% used [0x00000000d5580000,0x00000000d5580000,0x00000000d5980000)
  from space 512K, 100% used [0x00000000d5a80000,0x00000000d5b00000,0x00000000d5b00000)
  to   space 512K, 0% used [0x00000000d5b00000,0x00000000d5b00000,0x00000000d5b80000)
 ParOldGen       total 453632K, used 453137K [0x0000000080000000, 0x000000009bb00000, 0x00000000d5580000)
  object space 453632K, 99% used [0x0000000080000000,0x000000009ba84560,0x000000009bb00000)
 Metaspace       used 75044K, committed 76672K, reserved 1179648K
  class space    used 8109K, committed 8832K, reserved 1048576K
}
Event: 125.150 GC heap before
{Heap before GC invocations=315 (full 3):
 PSYoungGen      total 4608K, used 4608K [0x00000000d5580000, 0x00000000d5b80000, 0x0000000100000000)
  eden space 4096K, 100% used [0x00000000d5580000,0x00000000d5980000,0x00000000d5980000)
  from space 512K, 100% used [0x00000000d5a80000,0x00000000d5b00000,0x00000000d5b00000)
  to   space 512K, 0% used [0x00000000d5b00000,0x00000000d5b00000,0x00000000d5b80000)
 ParOldGen       total 453632K, used 453137K [0x0000000080000000, 0x000000009bb00000, 0x00000000d5580000)
  object space 453632K, 99% used [0x0000000080000000,0x000000009ba84560,0x000000009bb00000)
 Metaspace       used 75123K, committed 76736K, reserved 1179648K
  class space    used 8113K, committed 8832K, reserved 1048576K
}
Event: 125.151 GC heap after
{Heap after GC invocations=315 (full 3):
 PSYoungGen      total 4608K, used 320K [0x00000000d5580000, 0x00000000d5b80000, 0x0000000100000000)
  eden space 4096K, 0% used [0x00000000d5580000,0x00000000d5580000,0x00000000d5980000)
  from space 512K, 62% used [0x00000000d5b00000,0x00000000d5b50000,0x00000000d5b80000)
  to   space 512K, 0% used [0x00000000d5a80000,0x00000000d5a80000,0x00000000d5b00000)
 ParOldGen       total 453632K, used 453503K [0x0000000080000000, 0x000000009bb00000, 0x00000000d5580000)
  object space 453632K, 99% used [0x0000000080000000,0x000000009badff28,0x000000009bb00000)
 Metaspace       used 75123K, committed 76736K, reserved 1179648K
  class space    used 8113K, committed 8832K, reserved 1048576K
}
Event: 126.015 GC heap before
{Heap before GC invocations=316 (full 3):
 PSYoungGen      total 4608K, used 4416K [0x00000000d5580000, 0x00000000d5b80000, 0x0000000100000000)
  eden space 4096K, 100% used [0x00000000d5580000,0x00000000d5980000,0x00000000d5980000)
  from space 512K, 62% used [0x00000000d5b00000,0x00000000d5b50000,0x00000000d5b80000)
  to   space 512K, 0% used [0x00000000d5a80000,0x00000000d5a80000,0x00000000d5b00000)
 ParOldGen       total 453632K, used 453503K [0x0000000080000000, 0x000000009bb00000, 0x00000000d5580000)
  object space 453632K, 99% used [0x0000000080000000,0x000000009badff28,0x000000009bb00000)
 Metaspace       used 75147K, committed 76736K, reserved 1179648K
  class space    used 8113K, committed 8832K, reserved 1048576K
}
Event: 126.017 GC heap after
{Heap after GC invocations=316 (full 3):
 PSYoungGen      total 4608K, used 486K [0x00000000d5580000, 0x00000000d6080000, 0x0000000100000000)
  eden space 4096K, 0% used [0x00000000d5580000,0x00000000d5580000,0x00000000d5980000)
  from space 512K, 94% used [0x00000000d5a80000,0x00000000d5af9880,0x00000000d5b00000)
  to   space 3584K, 0% used [0x00000000d5d00000,0x00000000d5d00000,0x00000000d6080000)
 ParOldGen       total 456192K, used 455853K [0x0000000080000000, 0x000000009bd80000, 0x00000000d5580000)
  object space 456192K, 99% used [0x0000000080000000,0x000000009bd2b6b8,0x000000009bd80000)
 Metaspace       used 75147K, committed 76736K, reserved 1179648K
  class space    used 8113K, committed 8832K, reserved 1048576K
}
Event: 126.024 GC heap before
{Heap before GC invocations=317 (full 3):
 PSYoungGen      total 4608K, used 4582K [0x00000000d5580000, 0x00000000d6080000, 0x0000000100000000)
  eden space 4096K, 100% used [0x00000000d5580000,0x00000000d5980000,0x00000000d5980000)
  from space 512K, 94% used [0x00000000d5a80000,0x00000000d5af9880,0x00000000d5b00000)
  to   space 3584K, 0% used [0x00000000d5d00000,0x00000000d5d00000,0x00000000d6080000)
 ParOldGen       total 456192K, used 455853K [0x0000000080000000, 0x000000009bd80000, 0x00000000d5580000)
  object space 456192K, 99% used [0x0000000080000000,0x000000009bd2b6b8,0x000000009bd80000)
 Metaspace       used 75147K, committed 76736K, reserved 1179648K
  class space    used 8113K, committed 8832K, reserved 1048576K
}
Event: 126.026 GC heap after
{Heap after GC invocations=317 (full 3):
 PSYoungGen      total 6656K, used 3564K [0x00000000d5580000, 0x00000000d6280000, 0x0000000100000000)
  eden space 3072K, 0% used [0x00000000d5580000,0x00000000d5580000,0x00000000d5880000)
  from space 3584K, 99% used [0x00000000d5d00000,0x00000000d607b100,0x00000000d6080000)
  to   space 4608K, 0% used [0x00000000d5880000,0x00000000d5880000,0x00000000d5d00000)
 ParOldGen       total 456704K, used 456458K [0x0000000080000000, 0x000000009be00000, 0x00000000d5580000)
  object space 456704K, 99% used [0x0000000080000000,0x000000009bdc29d0,0x000000009be00000)
 Metaspace       used 75147K, committed 76736K, reserved 1179648K
  class space    used 8113K, committed 8832K, reserved 1048576K
}
Event: 126.039 GC heap before
{Heap before GC invocations=318 (full 3):
 PSYoungGen      total 6656K, used 6636K [0x00000000d5580000, 0x00000000d6280000, 0x0000000100000000)
  eden space 3072K, 100% used [0x00000000d5580000,0x00000000d5880000,0x00000000d5880000)
  from space 3584K, 99% used [0x00000000d5d00000,0x00000000d607b100,0x00000000d6080000)
  to   space 4608K, 0% used [0x00000000d5880000,0x00000000d5880000,0x00000000d5d00000)
 ParOldGen       total 456704K, used 456458K [0x0000000080000000, 0x000000009be00000, 0x00000000d5580000)
  object space 456704K, 99% used [0x0000000080000000,0x000000009bdc29d0,0x000000009be00000)
 Metaspace       used 75148K, committed 76736K, reserved 1179648K
  class space    used 8113K, committed 8832K, reserved 1048576K
}
Event: 126.041 GC heap after
{Heap after GC invocations=318 (full 3):
 PSYoungGen      total 4608K, used 1516K [0x00000000d5580000, 0x00000000d5d80000, 0x0000000100000000)
  eden space 3072K, 0% used [0x00000000d5580000,0x00000000d5580000,0x00000000d5880000)
  from space 1536K, 98% used [0x00000000d5880000,0x00000000d59fb100,0x00000000d5a00000)
  to   space 2560K, 0% used [0x00000000d5b00000,0x00000000d5b00000,0x00000000d5d80000)
 ParOldGen       total 457728K, used 457570K [0x0000000080000000, 0x000000009bf00000, 0x00000000d5580000)
  object space 457728K, 99% used [0x0000000080000000,0x000000009bed89d0,0x000000009bf00000)
 Metaspace       used 75148K, committed 76736K, reserved 1179648K
  class space    used 8113K, committed 8832K, reserved 1048576K
}
Event: 126.046 GC heap before
{Heap before GC invocations=319 (full 3):
 PSYoungGen      total 4608K, used 4450K [0x00000000d5580000, 0x00000000d5d80000, 0x0000000100000000)
  eden space 3072K, 95% used [0x00000000d5580000,0x00000000d585da48,0x00000000d5880000)
  from space 1536K, 98% used [0x00000000d5880000,0x00000000d59fb100,0x00000000d5a00000)
  to   space 2560K, 0% used [0x00000000d5b00000,0x00000000d5b00000,0x00000000d5d80000)
 ParOldGen       total 457728K, used 457570K [0x0000000080000000, 0x000000009bf00000, 0x00000000d5580000)
  object space 457728K, 99% used [0x0000000080000000,0x000000009bed89d0,0x000000009bf00000)
 Metaspace       used 75150K, committed 76736K, reserved 1179648K
  class space    used 8113K, committed 8832K, reserved 1048576K
}
Event: 126.047 GC heap after
{Heap after GC invocations=319 (full 3):
 PSYoungGen      total 3584K, used 390K [0x00000000d5580000, 0x00000000d5b80000, 0x0000000100000000)
  eden space 3072K, 0% used [0x00000000d5580000,0x00000000d5580000,0x00000000d5880000)
  from space 512K, 76% used [0x00000000d5b00000,0x00000000d5b61880,0x00000000d5b80000)
  to   space 1024K, 0% used [0x00000000d5980000,0x00000000d5980000,0x00000000d5a80000)
 ParOldGen       total 458240K, used 457983K [0x0000000080000000, 0x000000009bf80000, 0x00000000d5580000)
  object space 458240K, 99% used [0x0000000080000000,0x000000009bf3fce8,0x000000009bf80000)
 Metaspace       used 75150K, committed 76736K, reserved 1179648K
  class space    used 8113K, committed 8832K, reserved 1048576K
}
Event: 126.051 GC heap before
{Heap before GC invocations=320 (full 3):
 PSYoungGen      total 3584K, used 3462K [0x00000000d5580000, 0x00000000d5b80000, 0x0000000100000000)
  eden space 3072K, 100% used [0x00000000d5580000,0x00000000d5880000,0x00000000d5880000)
  from space 512K, 76% used [0x00000000d5b00000,0x00000000d5b61880,0x00000000d5b80000)
  to   space 1024K, 0% used [0x00000000d5980000,0x00000000d5980000,0x00000000d5a80000)
 ParOldGen       total 458240K, used 457983K [0x0000000080000000, 0x000000009bf80000, 0x00000000d5580000)
  object space 458240K, 99% used [0x0000000080000000,0x000000009bf3fce8,0x000000009bf80000)
 Metaspace       used 75150K, committed 76736K, reserved 1179648K
  class space    used 8113K, committed 8832K, reserved 1048576K
}
Event: 126.053 GC heap after
{Heap after GC invocations=320 (full 3):
 PSYoungGen      total 4096K, used 998K [0x00000000d5580000, 0x00000000d6080000, 0x0000000100000000)
  eden space 3072K, 0% used [0x00000000d5580000,0x00000000d5580000,0x00000000d5880000)
  from space 1024K, 97% used [0x00000000d5980000,0x00000000d5a79880,0x00000000d5a80000)
  to   space 4096K, 0% used [0x00000000d5c80000,0x00000000d5c80000,0x00000000d6080000)
 ParOldGen       total 460288K, used 460149K [0x0000000080000000, 0x000000009c180000, 0x00000000d5580000)
  object space 460288K, 99% used [0x0000000080000000,0x000000009c15d568,0x000000009c180000)
 Metaspace       used 75150K, committed 76736K, reserved 1179648K
  class space    used 8113K, committed 8832K, reserved 1048576K
}

